<?xml version="1.0" encoding="UTF-8"?>
<!-- Generated by org.testng.reporters.JUnitReportReporter -->
<testsuite hostname="DESKTOP-2IAL816" failures="0" tests="1" name="org.automationmobile.APPIUMPROJECT.Menu" time="15.383" errors="0" timestamp="2024-04-03T16:35:59 IST" skipped="0">
  <testcase classname="org.automationmobile.APPIUMPROJECT.Menu" name="main" time="15.383"/>
  <system-out/>
</testsuite> <!-- org.automationmobile.APPIUMPROJECT.Menu -->
